TN:
SF:src\components\article\ArticleCard.vue
FN:3,(anonymous_0)
FNF:1
FNH:1
FNDA:6,(anonymous_0)
DA:2,6
DA:3,1
DA:5,6
DA:7,1
DA:8,1
DA:9,1
DA:11,1
DA:12,1
DA:13,1
LF:9
LH:9
BRF:0
BRH:0
end_of_record
TN:
SF:src\components\article\SponsoredCard.vue
FN:3,(anonymous_0)
FNF:1
FNH:1
FNDA:5,(anonymous_0)
DA:2,5
DA:3,1
DA:5,5
DA:7,1
DA:8,1
DA:9,1
DA:11,1
DA:14,1
DA:15,1
LF:9
LH:9
BRDA:20,0,0,5
BRDA:20,0,1,5
BRF:2
BRH:2
end_of_record
TN:
SF:src\components\base\card\Card.vue
FNF:0
FNH:0
DA:2,11
LF:1
LH:1
BRF:0
BRH:0
end_of_record
TN:
SF:src\services\article.service.ts
FN:8,(anonymous_0)
FNF:1
FNH:0
FNDA:0,(anonymous_0)
DA:5,1
DA:9,0
DA:10,0
DA:14,1
LF:4
LH:2
BRF:0
BRH:0
end_of_record
TN:
SF:src\stores\article\article.store.ts
FN:7,(anonymous_0)
FN:12,(anonymous_1)
FN:13,(anonymous_2)
FN:25,loadArticles
FNF:4
FNH:4
FNDA:5,(anonymous_0)
FNDA:1,(anonymous_1)
FNDA:12,(anonymous_2)
FNDA:4,loadArticles
DA:7,1
DA:8,5
DA:9,5
DA:10,5
DA:12,5
DA:13,1
DA:15,12
DA:16,4
DA:21,8
DA:26,4
DA:27,4
DA:29,4
DA:30,4
DA:32,1
DA:34,4
DA:38,5
LF:16
LH:16
BRDA:15,0,0,4
BRDA:15,0,1,8
BRDA:15,1,0,12
BRDA:15,1,1,9
BRDA:32,2,0,1
BRDA:32,2,1,0
BRF:6
BRH:5
end_of_record
TN:
SF:src\test-utils\fixtures\article.fixtures.ts
FNF:0
FNH:0
DA:3,2
DA:12,2
DA:18,2
LF:3
LH:3
BRF:0
BRH:0
end_of_record
TN:
SF:src\utils\prime.util.ts
FN:1,isPrime
FNF:1
FNH:1
FNDA:26,isPrime
DA:2,26
DA:3,24
DA:4,23
DA:5,17
DA:6,12
DA:8,12
LF:6
LH:6
BRDA:2,0,0,2
BRDA:2,0,1,24
BRDA:3,1,0,1
BRDA:3,1,1,23
BRDA:4,2,0,6
BRDA:4,2,1,17
BRDA:6,3,0,5
BRDA:6,3,1,7
BRF:8
BRH:8
end_of_record
